app/build/intermediates/manifest_merge_blame_file/debug/manifest-merger-blame-debug-report.txt
1<?xml version="1.0" encoding="utf-8"?>
2<manifest xmlns:android="http://schemas.android.com/apk/res/android"
3    package="com.clean.mvvm"
4    android:versionCode="1"
5    android:versionName="1.0" >
6
7    <uses-sdk
8        android:minSdkVersion="24"
9        android:targetSdkVersion="34" />
10
11    <uses-permission android:name="android.permission.INTERNET" />
11-->src\main\AndroidManifest.xml:5:5-67
11-->src\main\AndroidManifest.xml:5:22-64
12    <uses-permission android:name="android.permission.ACCESS_NETWORK_STATE" />
12-->src\main\AndroidManifest.xml:6:5-79
12-->src\main\AndroidManifest.xml:6:22-76
13    <uses-permission android:name="android.permission.REORDER_TASKS" />
13-->[androidx.test:core:1.5.0] AndroidManifest.xml:24:5-72
13-->[androidx.test:core:1.5.0] AndroidManifest.xml:24:22-69
14
15    <permission
15-->[androidx.core:core:1.12.0] AndroidManifest.xml:22:5-24:47
16        android:name="com.clean.mvvm.DYNAMIC_RECEIVER_NOT_EXPORTED_PERMISSION"
16-->[androidx.core:core:1.12.0] AndroidManifest.xml:23:9-81
17        android:protectionLevel="signature" />
17-->[androidx.core:core:1.12.0] AndroidManifest.xml:24:9-44
18
19    <uses-permission android:name="com.clean.mvvm.DYNAMIC_RECEIVER_NOT_EXPORTED_PERMISSION" />
19-->[androidx.core:core:1.12.0] AndroidManifest.xml:26:5-97
19-->[androidx.core:core:1.12.0] AndroidManifest.xml:26:22-94
20
21    <queries>
21-->[androidx.test:runner:1.5.0] AndroidManifest.xml:24:5-28:15
22        <package android:name="androidx.test.orchestrator" />
22-->[androidx.test:runner:1.5.0] AndroidManifest.xml:25:9-62
22-->[androidx.test:runner:1.5.0] AndroidManifest.xml:25:18-59
23        <package android:name="androidx.test.services" />
23-->[androidx.test:runner:1.5.0] AndroidManifest.xml:26:9-58
23-->[androidx.test:runner:1.5.0] AndroidManifest.xml:26:18-55
24        <package android:name="com.google.android.apps.common.testing.services" />
24-->[androidx.test:runner:1.5.0] AndroidManifest.xml:27:9-83
24-->[androidx.test:runner:1.5.0] AndroidManifest.xml:27:18-80
25    </queries>
26
27    <application
27-->src\main\AndroidManifest.xml:8:5-34:19
28        android:name="com.clean.mvvm.BaseApplication"
28-->src\main\AndroidManifest.xml:9:9-54
29        android:allowBackup="true"
29-->src\main\AndroidManifest.xml:10:9-35
30        android:appComponentFactory="androidx.core.app.CoreComponentFactory"
30-->[androidx.core:core:1.12.0] AndroidManifest.xml:28:18-86
31        android:dataExtractionRules="@xml/data_extraction_rules"
31-->src\main\AndroidManifest.xml:11:9-65
32        android:debuggable="true"
33        android:extractNativeLibs="false"
34        android:fullBackupContent="@xml/backup_rules"
34-->src\main\AndroidManifest.xml:12:9-54
35        android:icon="@mipmap/ic_launcher"
35-->src\main\AndroidManifest.xml:13:9-43
36        android:label="@string/app_name"
36-->src\main\AndroidManifest.xml:14:9-41
37        android:roundIcon="@mipmap/ic_launcher_round"
37-->src\main\AndroidManifest.xml:15:9-54
38        android:supportsRtl="true"
38-->src\main\AndroidManifest.xml:16:9-35
39        android:testOnly="true"
40        android:theme="@style/AppTheme" >
40-->src\main\AndroidManifest.xml:17:9-40
41        <activity
41-->src\main\AndroidManifest.xml:20:9-29:20
42            android:name="com.clean.mvvm.presentation.ui.features.cats.CatsActivity"
42-->src\main\AndroidManifest.xml:21:13-85
43            android:configChanges="orientation|keyboardHidden|screenSize"
43-->src\main\AndroidManifest.xml:22:13-74
44            android:exported="true"
44-->src\main\AndroidManifest.xml:23:13-36
45            android:theme="@style/AppTheme" >
45-->src\main\AndroidManifest.xml:24:13-44
46            <intent-filter>
46-->src\main\AndroidManifest.xml:25:13-28:29
47                <action android:name="android.intent.action.MAIN" />
47-->src\main\AndroidManifest.xml:26:17-69
47-->src\main\AndroidManifest.xml:26:25-66
48
49                <category android:name="android.intent.category.LAUNCHER" />
49-->src\main\AndroidManifest.xml:27:17-77
49-->src\main\AndroidManifest.xml:27:27-74
50            </intent-filter>
51        </activity>
52        <activity
52-->src\main\AndroidManifest.xml:30:9-33:40
53            android:name="com.clean.mvvm.presentation.ui.features.catDetails.CatFullImageActivity"
53-->src\main\AndroidManifest.xml:31:13-99
54            android:configChanges="orientation|keyboardHidden|screenSize"
54-->src\main\AndroidManifest.xml:32:13-74
55            android:exported="false" />
55-->src\main\AndroidManifest.xml:33:13-37
56        <activity
56-->[androidx.compose.ui:ui-tooling-android:1.6.1] AndroidManifest.xml:23:9-25:39
57            android:name="androidx.compose.ui.tooling.PreviewActivity"
57-->[androidx.compose.ui:ui-tooling-android:1.6.1] AndroidManifest.xml:24:13-71
58            android:exported="true" />
58-->[androidx.compose.ui:ui-tooling-android:1.6.1] AndroidManifest.xml:25:13-36
59        <activity
59-->[androidx.compose.ui:ui-test-manifest:1.6.1] AndroidManifest.xml:23:9-25:39
60            android:name="androidx.activity.ComponentActivity"
60-->[androidx.compose.ui:ui-test-manifest:1.6.1] AndroidManifest.xml:24:13-63
61            android:exported="true" />
61-->[androidx.compose.ui:ui-test-manifest:1.6.1] AndroidManifest.xml:25:13-36
62        <activity
62-->[androidx.test:core:1.5.0] AndroidManifest.xml:27:9-34:20
63            android:name="androidx.test.core.app.InstrumentationActivityInvoker$BootstrapActivity"
63-->[androidx.test:core:1.5.0] AndroidManifest.xml:28:13-99
64            android:exported="true"
64-->[androidx.test:core:1.5.0] AndroidManifest.xml:29:13-36
65            android:theme="@style/WhiteBackgroundTheme" >
65-->[androidx.test:core:1.5.0] AndroidManifest.xml:30:13-56
66            <intent-filter android:priority="-100" >
66-->[androidx.test:core:1.5.0] AndroidManifest.xml:31:13-33:29
66-->[androidx.test:core:1.5.0] AndroidManifest.xml:31:28-51
67                <category android:name="android.intent.category.LAUNCHER" />
67-->src\main\AndroidManifest.xml:27:17-77
67-->src\main\AndroidManifest.xml:27:27-74
68            </intent-filter>
69        </activity>
70        <activity
70-->[androidx.test:core:1.5.0] AndroidManifest.xml:35:9-42:20
71            android:name="androidx.test.core.app.InstrumentationActivityInvoker$EmptyActivity"
71-->[androidx.test:core:1.5.0] AndroidManifest.xml:36:13-95
72            android:exported="true"
72-->[androidx.test:core:1.5.0] AndroidManifest.xml:37:13-36
73            android:theme="@style/WhiteBackgroundTheme" >
73-->[androidx.test:core:1.5.0] AndroidManifest.xml:38:13-56
74            <intent-filter android:priority="-100" >
74-->[androidx.test:core:1.5.0] AndroidManifest.xml:31:13-33:29
74-->[androidx.test:core:1.5.0] AndroidManifest.xml:31:28-51
75                <category android:name="android.intent.category.LAUNCHER" />
75-->src\main\AndroidManifest.xml:27:17-77
75-->src\main\AndroidManifest.xml:27:27-74
76            </intent-filter>
77        </activity>
78        <activity
78-->[androidx.test:core:1.5.0] AndroidManifest.xml:43:9-50:20
79            android:name="androidx.test.core.app.InstrumentationActivityInvoker$EmptyFloatingActivity"
79-->[androidx.test:core:1.5.0] AndroidManifest.xml:44:13-103
80            android:exported="true"
80-->[androidx.test:core:1.5.0] AndroidManifest.xml:45:13-36
81            android:theme="@style/WhiteBackgroundDialogTheme" >
81-->[androidx.test:core:1.5.0] AndroidManifest.xml:46:13-62
82            <intent-filter android:priority="-100" >
82-->[androidx.test:core:1.5.0] AndroidManifest.xml:31:13-33:29
82-->[androidx.test:core:1.5.0] AndroidManifest.xml:31:28-51
83                <category android:name="android.intent.category.LAUNCHER" />
83-->src\main\AndroidManifest.xml:27:17-77
83-->src\main\AndroidManifest.xml:27:27-74
84            </intent-filter>
85        </activity>
86
87        <provider
87-->[androidx.emoji2:emoji2:1.3.0] AndroidManifest.xml:24:9-32:20
88            android:name="androidx.startup.InitializationProvider"
88-->[androidx.emoji2:emoji2:1.3.0] AndroidManifest.xml:25:13-67
89            android:authorities="com.clean.mvvm.androidx-startup"
89-->[androidx.emoji2:emoji2:1.3.0] AndroidManifest.xml:26:13-68
90            android:exported="false" >
90-->[androidx.emoji2:emoji2:1.3.0] AndroidManifest.xml:27:13-37
91            <meta-data
91-->[androidx.emoji2:emoji2:1.3.0] AndroidManifest.xml:29:13-31:52
92                android:name="androidx.emoji2.text.EmojiCompatInitializer"
92-->[androidx.emoji2:emoji2:1.3.0] AndroidManifest.xml:30:17-75
93                android:value="androidx.startup" />
93-->[androidx.emoji2:emoji2:1.3.0] AndroidManifest.xml:31:17-49
94            <meta-data
94-->[androidx.lifecycle:lifecycle-process:2.7.0] AndroidManifest.xml:29:13-31:52
95                android:name="androidx.lifecycle.ProcessLifecycleInitializer"
95-->[androidx.lifecycle:lifecycle-process:2.7.0] AndroidManifest.xml:30:17-78
96                android:value="androidx.startup" />
96-->[androidx.lifecycle:lifecycle-process:2.7.0] AndroidManifest.xml:31:17-49
97            <meta-data
97-->[androidx.profileinstaller:profileinstaller:1.3.0] AndroidManifest.xml:29:13-31:52
98                android:name="androidx.profileinstaller.ProfileInstallerInitializer"
98-->[androidx.profileinstaller:profileinstaller:1.3.0] AndroidManifest.xml:30:17-85
99                android:value="androidx.startup" />
99-->[androidx.profileinstaller:profileinstaller:1.3.0] AndroidManifest.xml:31:17-49
100        </provider>
101
102        <service
102-->[androidx.room:room-runtime:2.6.1] AndroidManifest.xml:24:9-28:63
103            android:name="androidx.room.MultiInstanceInvalidationService"
103-->[androidx.room:room-runtime:2.6.1] AndroidManifest.xml:25:13-74
104            android:directBootAware="true"
104-->[androidx.room:room-runtime:2.6.1] AndroidManifest.xml:26:13-43
105            android:exported="false" />
105-->[androidx.room:room-runtime:2.6.1] AndroidManifest.xml:27:13-37
106
107        <receiver
107-->[androidx.profileinstaller:profileinstaller:1.3.0] AndroidManifest.xml:34:9-52:20
108            android:name="androidx.profileinstaller.ProfileInstallReceiver"
108-->[androidx.profileinstaller:profileinstaller:1.3.0] AndroidManifest.xml:35:13-76
109            android:directBootAware="false"
109-->[androidx.profileinstaller:profileinstaller:1.3.0] AndroidManifest.xml:36:13-44
110            android:enabled="true"
110-->[androidx.profileinstaller:profileinstaller:1.3.0] AndroidManifest.xml:37:13-35
111            android:exported="true"
111-->[androidx.profileinstaller:profileinstaller:1.3.0] AndroidManifest.xml:38:13-36
112            android:permission="android.permission.DUMP" >
112-->[androidx.profileinstaller:profileinstaller:1.3.0] AndroidManifest.xml:39:13-57
113            <intent-filter>
113-->[androidx.profileinstaller:profileinstaller:1.3.0] AndroidManifest.xml:40:13-42:29
114                <action android:name="androidx.profileinstaller.action.INSTALL_PROFILE" />
114-->[androidx.profileinstaller:profileinstaller:1.3.0] AndroidManifest.xml:41:17-91
114-->[androidx.profileinstaller:profileinstaller:1.3.0] AndroidManifest.xml:41:25-88
115            </intent-filter>
116            <intent-filter>
116-->[androidx.profileinstaller:profileinstaller:1.3.0] AndroidManifest.xml:43:13-45:29
117                <action android:name="androidx.profileinstaller.action.SKIP_FILE" />
117-->[androidx.profileinstaller:profileinstaller:1.3.0] AndroidManifest.xml:44:17-85
117-->[androidx.profileinstaller:profileinstaller:1.3.0] AndroidManifest.xml:44:25-82
118            </intent-filter>
119            <intent-filter>
119-->[androidx.profileinstaller:profileinstaller:1.3.0] AndroidManifest.xml:46:13-48:29
120                <action android:name="androidx.profileinstaller.action.SAVE_PROFILE" />
120-->[androidx.profileinstaller:profileinstaller:1.3.0] AndroidManifest.xml:47:17-88
120-->[androidx.profileinstaller:profileinstaller:1.3.0] AndroidManifest.xml:47:25-85
121            </intent-filter>
122            <intent-filter>
122-->[androidx.profileinstaller:profileinstaller:1.3.0] AndroidManifest.xml:49:13-51:29
123                <action android:name="androidx.profileinstaller.action.BENCHMARK_OPERATION" />
123-->[androidx.profileinstaller:profileinstaller:1.3.0] AndroidManifest.xml:50:17-95
123-->[androidx.profileinstaller:profileinstaller:1.3.0] AndroidManifest.xml:50:25-92
124            </intent-filter>
125        </receiver>
126    </application>
127
128</manifest>